Performing C SOURCE FILE Test CMAKE_HAVE_LIBC_PTHREAD failed with the following output:
Change Dir: /home/chang/Projects/txsim-zcm/build/CMakeFiles/CMakeTmp

Run Build Command(s):/usr/bin/make -f Makefile cmTC_06fa6/fast && /usr/bin/make  -f CMakeFiles/cmTC_06fa6.dir/build.make CMakeFiles/cmTC_06fa6.dir/build
make[1]: Entering directory '/home/chang/Projects/txsim-zcm/build/CMakeFiles/CMakeTmp'
Building C object CMakeFiles/cmTC_06fa6.dir/src.c.o
/usr/bin/gcc-5 -DCMAKE_HAVE_LIBC_PTHREAD   -o CMakeFiles/cmTC_06fa6.dir/src.c.o -c /home/chang/Projects/txsim-zcm/build/CMakeFiles/CMakeTmp/src.c
Linking C executable cmTC_06fa6
/usr/local/bin/cmake -E cmake_link_script CMakeFiles/cmTC_06fa6.dir/link.txt --verbose=1
/usr/bin/gcc-5 -rdynamic CMakeFiles/cmTC_06fa6.dir/src.c.o -o cmTC_06fa6 
CMakeFiles/cmTC_06fa6.dir/src.c.o: In function `main':
src.c:(.text+0x3c): undefined reference to `pthread_create'
src.c:(.text+0x48): undefined reference to `pthread_detach'
src.c:(.text+0x54): undefined reference to `pthread_cancel'
src.c:(.text+0x65): undefined reference to `pthread_join'
src.c:(.text+0x79): undefined reference to `pthread_atfork'
collect2: error: ld returned 1 exit status
CMakeFiles/cmTC_06fa6.dir/build.make:98: recipe for target 'cmTC_06fa6' failed
make[1]: *** [cmTC_06fa6] Error 1
make[1]: Leaving directory '/home/chang/Projects/txsim-zcm/build/CMakeFiles/CMakeTmp'
Makefile:127: recipe for target 'cmTC_06fa6/fast' failed
make: *** [cmTC_06fa6/fast] Error 2


Source file was:
#include <pthread.h>

static void* test_func(void* data)
{
  return data;
}

int main(void)
{
  pthread_t thread;
  pthread_create(&thread, NULL, test_func, NULL);
  pthread_detach(thread);
  pthread_cancel(thread);
  pthread_join(thread, NULL);
  pthread_atfork(NULL, NULL, NULL);
  pthread_exit(NULL);

  return 0;
}

Determining if the function pthread_create exists in the pthreads failed with the following output:
Change Dir: /home/chang/Projects/txsim-zcm/build/CMakeFiles/CMakeTmp

Run Build Command(s):/usr/bin/make -f Makefile cmTC_7cb5a/fast && /usr/bin/make  -f CMakeFiles/cmTC_7cb5a.dir/build.make CMakeFiles/cmTC_7cb5a.dir/build
make[1]: Entering directory '/home/chang/Projects/txsim-zcm/build/CMakeFiles/CMakeTmp'
Building C object CMakeFiles/cmTC_7cb5a.dir/CheckFunctionExists.c.o
/usr/bin/gcc-5   -DCHECK_FUNCTION_EXISTS=pthread_create -o CMakeFiles/cmTC_7cb5a.dir/CheckFunctionExists.c.o -c /usr/local/share/cmake-3.20/Modules/CheckFunctionExists.c
Linking C executable cmTC_7cb5a
/usr/local/bin/cmake -E cmake_link_script CMakeFiles/cmTC_7cb5a.dir/link.txt --verbose=1
/usr/bin/gcc-5  -DCHECK_FUNCTION_EXISTS=pthread_create -rdynamic CMakeFiles/cmTC_7cb5a.dir/CheckFunctionExists.c.o -o cmTC_7cb5a  -lpthreads 
/usr/bin/ld: cannot find -lpthreads
collect2: error: ld returned 1 exit status
CMakeFiles/cmTC_7cb5a.dir/build.make:98: recipe for target 'cmTC_7cb5a' failed
make[1]: *** [cmTC_7cb5a] Error 1
make[1]: Leaving directory '/home/chang/Projects/txsim-zcm/build/CMakeFiles/CMakeTmp'
Makefile:127: recipe for target 'cmTC_7cb5a/fast' failed
make: *** [cmTC_7cb5a/fast] Error 2



