Determining if the pthread_create exist failed with the following output:
Change Dir: /home/yxj/Projects/txsim-zcm/example/txSim/examples/build/CMakeFiles/CMakeTmp

Run Build Command:"/usr/bin/make" "cmTC_d3ffe/fast"
/usr/bin/make -f CMakeFiles/cmTC_d3ffe.dir/build.make CMakeFiles/cmTC_d3ffe.dir/build
make[1]: Entering directory '/home/yxj/Projects/txsim-zcm/example/txSim/examples/build/CMakeFiles/CMakeTmp'
Building C object CMakeFiles/cmTC_d3ffe.dir/CheckSymbolExists.c.o
/usr/bin/cc    -o CMakeFiles/cmTC_d3ffe.dir/CheckSymbolExists.c.o   -c /home/yxj/Projects/txsim-zcm/example/txSim/examples/build/CMakeFiles/CMakeTmp/CheckSymbolExists.c
Linking C executable cmTC_d3ffe
/usr/bin/cmake -E cmake_link_script CMakeFiles/cmTC_d3ffe.dir/link.txt --verbose=1
/usr/bin/cc      -rdynamic CMakeFiles/cmTC_d3ffe.dir/CheckSymbolExists.c.o  -o cmTC_d3ffe 
CMakeFiles/cmTC_d3ffe.dir/CheckSymbolExists.c.o: In function `main':
CheckSymbolExists.c:(.text+0x1b): undefined reference to `pthread_create'
collect2: error: ld returned 1 exit status
CMakeFiles/cmTC_d3ffe.dir/build.make:97: recipe for target 'cmTC_d3ffe' failed
make[1]: *** [cmTC_d3ffe] Error 1
make[1]: Leaving directory '/home/yxj/Projects/txsim-zcm/example/txSim/examples/build/CMakeFiles/CMakeTmp'
Makefile:126: recipe for target 'cmTC_d3ffe/fast' failed
make: *** [cmTC_d3ffe/fast] Error 2

File /home/yxj/Projects/txsim-zcm/example/txSim/examples/build/CMakeFiles/CMakeTmp/CheckSymbolExists.c:
/* */
#include <pthread.h>

int main(int argc, char** argv)
{
  (void)argv;
#ifndef pthread_create
  return ((int*)(&pthread_create))[argc];
#else
  (void)argc;
  return 0;
#endif
}

Determining if the function pthread_create exists in the pthreads failed with the following output:
Change Dir: /home/yxj/Projects/txsim-zcm/example/txSim/examples/build/CMakeFiles/CMakeTmp

Run Build Command:"/usr/bin/make" "cmTC_37df4/fast"
/usr/bin/make -f CMakeFiles/cmTC_37df4.dir/build.make CMakeFiles/cmTC_37df4.dir/build
make[1]: Entering directory '/home/yxj/Projects/txsim-zcm/example/txSim/examples/build/CMakeFiles/CMakeTmp'
Building C object CMakeFiles/cmTC_37df4.dir/CheckFunctionExists.c.o
/usr/bin/cc   -DCHECK_FUNCTION_EXISTS=pthread_create   -o CMakeFiles/cmTC_37df4.dir/CheckFunctionExists.c.o   -c /usr/share/cmake-3.10/Modules/CheckFunctionExists.c
Linking C executable cmTC_37df4
/usr/bin/cmake -E cmake_link_script CMakeFiles/cmTC_37df4.dir/link.txt --verbose=1
/usr/bin/cc  -DCHECK_FUNCTION_EXISTS=pthread_create    -rdynamic CMakeFiles/cmTC_37df4.dir/CheckFunctionExists.c.o  -o cmTC_37df4 -lpthreads 
/usr/bin/ld: cannot find -lpthreads
collect2: error: ld returned 1 exit status
CMakeFiles/cmTC_37df4.dir/build.make:97: recipe for target 'cmTC_37df4' failed
make[1]: *** [cmTC_37df4] Error 1
make[1]: Leaving directory '/home/yxj/Projects/txsim-zcm/example/txSim/examples/build/CMakeFiles/CMakeTmp'
Makefile:126: recipe for target 'cmTC_37df4/fast' failed
make: *** [cmTC_37df4/fast] Error 2


